2020.05.15 13:50:11+ INFO+Starting HelloApplication on DESKTOP-FK2R1J4 with PID 11164 (D:\yangjiajun\jiuding_workspace\jiudlogger\public\hello\target\classes started by Administrator in D:\yangjiajun\jiuding_workspace\jiudlogger\public\hello)
2020.05.15 13:50:11+ INFO+No active profile set, falling back to default profiles: default
2020.05.15 13:50:12+ INFO+Tomcat initialized with port(s): 8081 (http)
2020.05.15 13:50:12+ INFO+Initializing ProtocolHandler ["http-nio-8081"]
2020.05.15 13:50:12+ INFO+Starting service [Tomcat]
2020.05.15 13:50:12+ INFO+Starting Servlet engine: [Apache Tomcat/9.0.34]
2020.05.15 13:50:12+ INFO+Initializing Spring embedded WebApplicationContext
2020.05.15 13:50:12+ INFO+Root WebApplicationContext: initialization completed in 1030 ms
2020.05.15 13:50:13+ INFO+Initializing ExecutorService 'applicationTaskExecutor'
2020.05.15 13:50:13+ INFO+Starting ProtocolHandler ["http-nio-8081"]
2020.05.15 13:50:13+ INFO+Tomcat started on port(s): 8081 (http) with context path ''
2020.05.15 13:50:13+ INFO+Started HelloApplication in 2.035 seconds (JVM running for 3.665)
2020.05.15 13:50:19+ INFO+Initializing Spring DispatcherServlet 'dispatcherServlet'
2020.05.15 13:50:19+ INFO+Initializing Servlet 'dispatcherServlet'
2020.05.15 13:50:19+ INFO+Completed initialization in 8 ms
2020.05.15 13:50:19+ INFO+**************************** Start ****************************
2020.05.15 13:50:19+ INFO+URL            : http://localhost:8081/hello
2020.05.15 13:50:19+ INFO+Description    : 这是hello
2020.05.15 13:50:19+ INFO+Http Method    : GET
2020.05.15 13:50:19+ INFO+Class Method   : com.lzffhy.hello.HelloController hello
2020.05.15 13:50:19+ INFO+IP             : 0:0:0:0:0:0:0:1
2020.05.15 13:50:19+ INFO+Request Args   : []
2020.05.15 13:50:19+ INFO+info
2020.05.15 13:50:19+ INFO+com.lzffhy.hello.HelloController.hello
2020.05.15 13:50:19+ INFO+[]
2020.05.15 13:50:19+ INFO+"yangjiajunhello yang"
2020.05.15 13:50:19+ INFO+1589521819648
2020.05.15 13:50:19+ INFO+http://localhost:8081/hello
2020.05.15 13:50:19+ INFO+0:0:0:0:0:0:0:1
2020.05.15 13:50:19+ INFO+Fri May 15 13:50:19 CST 2020
2020.05.15 13:50:19+ INFO+Mozilla/5.0 (Windows NT 10.0; Win64; x64) AppleWebKit/537.36 (KHTML, like Gecko) Chrome/81.0.4044.138 Safari/537.36
2020.05.15 13:50:19+ INFO+Response Args  : "yangjiajunhello yang"
2020.05.15 13:50:19+ INFO+Time-Consuming : ms 50
2020.05.15 13:50:19+ INFO+**************************** End ****************************

2020.05.15 13:54:55+ INFO+Starting HelloApplication on DESKTOP-FK2R1J4 with PID 15368 (D:\yangjiajun\jiuding_workspace\jiudlogger\public\hello\target\classes started by Administrator in D:\yangjiajun\jiuding_workspace\jiudlogger\public\hello)
2020.05.15 13:54:55+ INFO+No active profile set, falling back to default profiles: default
2020.05.15 13:54:56+ INFO+Tomcat initialized with port(s): 8081 (http)
2020.05.15 13:54:56+ INFO+Initializing ProtocolHandler ["http-nio-8081"]
2020.05.15 13:54:56+ INFO+Starting service [Tomcat]
2020.05.15 13:54:56+ INFO+Starting Servlet engine: [Apache Tomcat/9.0.34]
2020.05.15 13:54:57+ INFO+Initializing Spring embedded WebApplicationContext
2020.05.15 13:54:57+ INFO+Root WebApplicationContext: initialization completed in 1150 ms
2020.05.15 13:54:57+ INFO+Initializing ExecutorService 'applicationTaskExecutor'
2020.05.15 13:54:57+ INFO+Starting ProtocolHandler ["http-nio-8081"]
2020.05.15 13:54:57+ INFO+Tomcat started on port(s): 8081 (http) with context path ''
2020.05.15 13:54:57+ INFO+Started HelloApplication in 2.292 seconds (JVM running for 3.708)
2020.05.15 13:55:07+ INFO+Initializing Spring DispatcherServlet 'dispatcherServlet'
2020.05.15 13:55:07+ INFO+Initializing Servlet 'dispatcherServlet'
2020.05.15 13:55:07+ INFO+Completed initialization in 7 ms
2020.05.15 13:55:07+ INFO+**************************** Start ****************************
2020.05.15 13:55:07+ INFO+URL            : http://localhost:8081/hello
2020.05.15 13:55:07+ INFO+Description    : 这是hello
2020.05.15 13:55:07+ INFO+Http Method    : GET
2020.05.15 13:55:07+ INFO+Class Method   : com.lzffhy.hello.HelloController hello
2020.05.15 13:55:07+ INFO+IP             : 0:0:0:0:0:0:0:1
2020.05.15 13:55:07+ INFO+Request Args   : []
2020.05.15 13:55:07+ INFO+info
2020.05.15 13:55:07+ INFO+com.lzffhy.hello.HelloController.hello
2020.05.15 13:55:07+ INFO+[]
2020.05.15 13:55:07+ INFO+"yangjiajunhello yang"
2020.05.15 13:55:07+ INFO+1589522107558
2020.05.15 13:55:07+ INFO+http://localhost:8081/hello
2020.05.15 13:55:07+ INFO+0:0:0:0:0:0:0:1
2020.05.15 13:55:07+ INFO+Fri May 15 13:55:07 CST 2020
2020.05.15 13:55:07+ INFO+Mozilla/5.0 (Windows NT 10.0; Win64; x64) AppleWebKit/537.36 (KHTML, like Gecko) Chrome/81.0.4044.138 Safari/537.36
2020.05.15 13:55:07+ INFO+Response Args  : "yangjiajunhello yang"
2020.05.15 13:55:07+ INFO+Time-Consuming : ms 45
2020.05.15 13:55:07+ INFO+**************************** End ****************************

2020.05.15 13:56:47+ INFO+**************************** Start ****************************
2020.05.15 13:56:47+ INFO+URL            : http://localhost:8081/hello1
2020.05.15 13:56:47+ INFO+Description    : 这是hello1
2020.05.15 13:56:47+ INFO+Http Method    : GET
2020.05.15 13:56:47+ INFO+Class Method   : com.lzffhy.hello.HelloController hello1
2020.05.15 13:56:47+ INFO+IP             : 0:0:0:0:0:0:0:1
2020.05.15 13:56:47+ INFO+Request Args   : []
2020.05.15 13:56:47+ INFO+com.lzffhy.hello.HelloController.hello1
2020.05.15 13:56:47+ INFO+[]
2020.05.15 13:56:47+ INFO+null
2020.05.15 13:56:47+ INFO+1589522207103
2020.05.15 13:56:47+ INFO+http://localhost:8081/hello1
2020.05.15 13:56:47+ INFO+0:0:0:0:0:0:0:1
2020.05.15 13:56:47+ INFO+Fri May 15 13:56:47 CST 2020
2020.05.15 13:56:47+ INFO+Mozilla/5.0 (Windows NT 10.0; Win64; x64) AppleWebKit/537.36 (KHTML, like Gecko) Chrome/81.0.4044.138 Safari/537.36
2020.05.15 13:56:47+ INFO+Response Args  : null
2020.05.15 13:56:47+ INFO+Time-Consuming : ms 4
2020.05.15 13:56:47+ INFO+**************************** End ****************************

2020.05.15 15:45:45+ INFO+Starting HelloApplication on DESKTOP-FK2R1J4 with PID 9648 (D:\yangjiajun\jiuding_workspace\jiudlogger\public\hello\target\classes started by Administrator in D:\yangjiajun\jiuding_workspace\jiudlogger\public\hello)
2020.05.15 15:45:45+ INFO+No active profile set, falling back to default profiles: default
2020.05.15 15:45:46+ INFO+Tomcat initialized with port(s): 8081 (http)
2020.05.15 15:45:46+ INFO+Initializing ProtocolHandler ["http-nio-8081"]
2020.05.15 15:45:46+ INFO+Starting service [Tomcat]
2020.05.15 15:45:46+ INFO+Starting Servlet engine: [Apache Tomcat/9.0.34]
2020.05.15 15:45:47+ INFO+Initializing Spring embedded WebApplicationContext
2020.05.15 15:45:47+ INFO+Root WebApplicationContext: initialization completed in 1375 ms
2020.05.15 15:45:47+ INFO+Initializing ExecutorService 'applicationTaskExecutor'
2020.05.15 15:45:47+ INFO+Starting ProtocolHandler ["http-nio-8081"]
2020.05.15 15:45:47+ INFO+Tomcat started on port(s): 8081 (http) with context path ''
2020.05.15 15:45:47+ INFO+Started HelloApplication in 2.73 seconds (JVM running for 4.153)
2020.05.15 15:45:56+ INFO+Initializing Spring DispatcherServlet 'dispatcherServlet'
2020.05.15 15:45:56+ INFO+Initializing Servlet 'dispatcherServlet'
2020.05.15 15:45:56+ INFO+Completed initialization in 8 ms
2020.05.15 15:45:56+ INFO+**************************** Start ****************************
2020.05.15 15:45:56+ INFO+URL            : http://localhost:8081/hello
2020.05.15 15:45:56+ INFO+Description    : 这是hello
2020.05.15 15:45:56+ INFO+Http Method    : GET
2020.05.15 15:45:56+ INFO+Class Method   : com.lzffhy.hello.HelloController hello
2020.05.15 15:45:56+ INFO+IP             : 0:0:0:0:0:0:0:1
2020.05.15 15:45:56+ INFO+Request Args   : []
2020.05.15 15:45:56+ INFO+info
2020.05.15 15:45:56+ INFO+com.lzffhy.hello.HelloController.hello
2020.05.15 15:45:56+ INFO+[]
2020.05.15 15:45:56+ INFO+"test/hello yang"
2020.05.15 15:45:56+ INFO+1589528756216
2020.05.15 15:45:56+ INFO+http://localhost:8081/hello
2020.05.15 15:45:56+ INFO+0:0:0:0:0:0:0:1
2020.05.15 15:45:56+ INFO+Fri May 15 15:45:56 CST 2020
2020.05.15 15:45:56+ INFO+Mozilla/5.0 (Windows NT 10.0; Win64; x64) AppleWebKit/537.36 (KHTML, like Gecko) Chrome/81.0.4044.138 Safari/537.36
2020.05.15 15:45:56+ INFO+Response Args  : "test/hello yang"
2020.05.15 15:45:56+ INFO+Time-Consuming : ms 46
2020.05.15 15:45:56+ INFO+**************************** End ****************************

